    Processing options file C:\Users\MDS\Documents\GitHub\VectorCAST_Test\Unit_Env\CCAST_.CFG
    Reading environment script "C:/Users/MDS/Documents/GitHub/VectorCAST_Test/Unit_Env\\VCAST_REBUILD_TEMP.env"
    Initializing search list
    Creating the Environment Directory
    Creating Environment "MANAGER"
    Unit 8 (not-stubbed): User Defined Globals
       Parsing 
       Initializing parse data
       Generating harness code
       Saving unit data
    Parsing manager
    Unit 9 (stub-by-function): manager
       Loading stored IL
       Initializing parse data
       Generating harness code
       Saving unit data
    Inserting Environment User Code
    Compiling file VECTORCAST_IO
    Compiling file User Defined Globals
    Compiling file Data File Number 1
    Compiling file Data File Number 2
    Compiling file Driver
    Compiling file User Defined Package
    Setting Up Statement+MC/DC Coverage
    Determining Basis Paths (manager)
    Dropping probe point #1; line matching failed: manager Add sum = a + b;
    Instrumenting file manager
    Compiling file manager
    Compiling file Data File Number 1
    Linking Instrumented Harness
    Coverage Initialized
    Generating harness code for manager
    Writing VectorCAST Database Files to Disk
    Environment built Successfully
